Lake
lake
Beaver pond
beaver pond
Crater lake
crater lake
Dry lake
dry lake
Fish pond
fish pond
Fishpond
fishpond
Inland sea
inland sea
Intermittent lake
intermittent lake
Intermittent oxbow lake
intermittent oxbow lake
Intermittent pond
intermittent pond
Intermittent pool
intermittent pool
Intermittent salt lake
intermittent salt lake
Intermittent salt pond
intermittent salt pond
Lagoon
lagoon
Laguna
laguna
Lake bed
lake bed
Loch
loch
Millpond
millpond
Oxbow lake
oxbow lake
Pond
pond
Pool
pool
Tarn
tarn