Park
park
parks
Arboretum
arboretum
arboretums
Botanical garden
botanical garden
botanical gardens
Commemorative area
commemorative area
commemorative areas
Commons
commons
Gardens
gardens
Marine parks
marine parks
National forest
national forest
national forests
National parks
national parks
national park
National seashore
national seashore
national seashores
Picnic area
picnic area
picnic areas
Playground
playground
playgrounds
Provincial park
provincial park
provincial park
Recreation area
recreation area
recreation areas
Rest area
rest area
rest areas
Scenic area
scenic area
scenic areas
State forest
state forest
state forests
State park
state park
state parks
Urban park
urban park
urban parks
Village square
village square
village squares
Wilderness area
wilderness area
wilderness areas
Zoological garden
zoological garden
zoological gardens
Zoo
zoo
zoos