RailroadFacility
Railroad facility
railroad facility
railroad facilities
metro rail station
metro rail stations
railroad junction
railroad junctions
railroad siding
railroad sidings
railroad spur
railroad spurs
railroad station
railroad stations
railroad stop
railroad stops
railroad switch
railroad switches
railroad yard
railroad yards
railway
railways
subway station
tramway
tramways
Metro rail station
Metro rail stations
Railroad junction
Railroad junctions
Railroad sidings
Railroad spur
Railroad spurs
Railroad station
Railroad stations
Railroad stop
Railroad stops
Railroad switch
Railroad switches
Railroad yard
Railroad yards
Railway
Railways
Subway station
Tramway
Tramways