Roadway
roadway
caravan route
caravan routes
causeways
causeway
Drive
highway
highways
intersection
intersections
parkway
parkways
road bends
road bend
road cut
road cuts
road junction
road junctions
road
roads
street
streets
traffic circles
traffic circle
Caravan route
Caravan routes
Causeways
Causeway
Drive
Highway
Highways
Intersection
Intersections
Parkway
Parkways
Road bends
Road bend
Road cut
Road cuts
Road junction
Road junctions
Road
Roads
Street
Streets
Traffic circles
Traffic circle