Stream
stream
streams
anabranch
anabranches
brook
brooks
burn
burns
confluence
confluences
creek
creeks
distributary
distributaries
dry stream bed
dry stream beds
fork
forks
lost river
lost rivers
meander
meanders
stream bend
stream bends
stream mouth
stream mouths
tidal creek
tidal creeks
tributary
tributaries
watercourse
watercourses
Anabranch
Anabranches
Brook
Brooks
Burn
Burns
Confluence
Confluences
Distributary
Distributaries
Dry stream bed
Dry stream beds
Fork
Forks
Lost river
Lost rivers
Meander
Meanders
Stream bend
Stream bends
Stream mouth
Stream mouths
Tidal creek
Tidal creeks
Tributary
Tributaries
Tatercourse
Tatercourses