TransportFacility
transport facility
transport facilities
air route
air routes
caravan routes
caravan route
corridors
corridor
crossings
crossing
depots
depot
ferries
ferry
fuel depots
fuel depot
halting places
halting place
highway maintenance sites
highway maintenance sites
portages
portage
rest houses
rest house
routes
route
ship tracks
ship track
stock routes
stock route
terminals
terminal
transit facilities
transit facility
Air route
Air routes
Caravan routes
Caravan route
Corridors
Corridor
Crossings
Crossing
Depots
Depot
Ferries
Fuel depots
Fuel depot
Halting places
Halting place
Highway maintenance sites
Highway maintenance sites
Portages
Portage
Rest houses
Rest house
Routes
Route
Ship tracks
Ship track
Stock routes
Stock route
Terminals
Terminal
Transit facilities
Transit facility