MilitaryAreas
Military areas
military areas
military area
Air force base
air force base
air force bases
Army facility
army facility
army facilities
Arsenal
arsenal
arsenals
Artillery range
artillery range
artillery ranges
Barrack
barrack
barracks
Base
base
bases
Military camp
military camp
military camps
Fort
fort
forts
Infantry camp
infantry camp
infantry camps
Maneuver area
maneuver area
maneuver areas
Military installation
military installation
military installations
Guard facility
guard facility
guard facilities
Naval base
naval base
naval bases