ReferenceLocation
Reference location
reference location
astronomical station
beacon
beacons
bench mark
bench marks
boundary
boundaries
boundary marker
boundary markers
buoy
buoys
conrtol point
conrtol points
geodectic station
geodectic stations
geographic center
geographic centers
light house
light houses
light station
light stations
lighthouse
lighthouses
marker
markers
milestone
milestones
plaque
plaques
pole
poles
triangulation station
triangulation stations
Astronomical station
Beacon
Beacons
Bench mark
Bench marks
Boundary
Boundaries
Boundary marker
Boundary markers
Buoy
Buoys
Conrtol point
Conrtol points
Geodectic station
Geodectic stations
Geographic center
Geographic centers
Light house
Light houses
Light station
Light stations
Lighthouse
Lighthouses
Marker
Markers
Milestone
Milestones
Plaque
Plaques
Pole
Poles
Triangulation station
Triangulation stations