Reserve
reserve
agricultural reserves
agricultural reserve
conservation area
conservation areas
demonstration areas
demonstration area
environmental areas
environmental area
forest reserves
forest reserve
hunting reserves
hunting reserve
natural areas
natural area
nature reserves
nature reserve
preserves
preserve
primitive areas
primitive area
protected areas
protected area
sanctuaries
sanctuary
wildlife refuge
wildlife refuges
wildlife reserves
wildlife reserve
Agricultural reserves
Agricultural reserve
Conservation area
Conservation areas
Demonstration areas
Demonstration area
Environmental areas
Environmental area
Forest reserves
Forest reserve
Hunting reserves
Hunting reserve
Natural areas
Natural area
Nature reserves
Nature reserve
Preserves
Preserve
Primitive areas
Primitive area
Protected areas
Protected area
Sanctuaries
Sanctuary
Wildlife refuge
Wildlife refuges
Wildlife reserves
Wildlife reserve