TelecomFacility
telecommunication facility
telecommunication facilities
telecommunication feature
telecommunication features
antenna field site
antenna field sites
communication centers
communication centers
radio stations
television stations
transmission lines
radio station
television station
transmission line
Telecommunication facility
Telecommunication facilities
Telecommunication feature
Telecommunication features
Antenna field site
Antenna field sites
Communication centers
Communication centers
Radio stations
Television stations
Transmission lines
Radio station
Television station
Transmission line